2026-01-21 13:39:21,805 - INFO - GoogleMapsCrawler 객체 생성 완료!
2026-01-21 13:39:21,805 - INFO - ====== WebDriver manager ======
2026-01-21 13:39:21,903 - INFO - Get LATEST chromedriver version for google-chrome
2026-01-21 13:39:21,905 - DEBUG - Starting new HTTPS connection (1): googlechromelabs.github.io:443
2026-01-21 13:39:21,997 - DEBUG - https://googlechromelabs.github.io:443 "GET /chrome-for-testing/latest-patch-versions-per-build.json HTTP/1.1" 200 14921
2026-01-21 13:39:22,003 - INFO - Get LATEST chromedriver version for google-chrome
2026-01-21 13:39:22,004 - DEBUG - Starting new HTTPS connection (1): googlechromelabs.github.io:443
2026-01-21 13:39:22,071 - DEBUG - https://googlechromelabs.github.io:443 "GET /chrome-for-testing/latest-patch-versions-per-build.json HTTP/1.1" 200 14921
2026-01-21 13:39:22,081 - INFO - Driver [/home/juwonhyme/.wdm/drivers/chromedriver/linux64/144.0.7559.96/chromedriver-linux64/chromedriver] found in cache
2026-01-21 13:39:22,081 - DEBUG - Skipping Selenium Manager; path to chrome driver specified in Service class: /home/juwonhyme/.wdm/drivers/chromedriver/linux64/144.0.7559.96/chromedriver-linux64/chromedriver
2026-01-21 13:39:22,083 - DEBUG - Started executable: `/home/juwonhyme/.wdm/drivers/chromedriver/linux64/144.0.7559.96/chromedriver-linux64/chromedriver` in a child process with pid: 5538 using 0 to output -3
2026-01-21 13:39:22,094 - DEBUG - POST http://localhost:49723/session {'capabilities': {'firstMatch': [{}], 'alwaysMatch': {'browserName': 'chrome', 'pageLoadStrategy': <PageLoadStrategy.normal: 'normal'>, 'goog:loggingPrefs': {'performance': 'ALL'}, 'goog:chromeOptions': {'prefs': {'intl.accept_languages': 'ko-KR,ko;q=0.9,en-US;q=0.8,en;q=0.7'}, 'extensions': [], 'binary': '/usr/bin/google-chrome', 'args': ['--lang=ko', '--start-maximized', '--user-data-dir=/tmp/selenium-profile']}}}}
2026-01-21 13:39:22,095 - DEBUG - Starting new HTTP connection (1): localhost:49723
2026-01-21 13:39:22,593 - DEBUG - http://localhost:49723 "POST /session HTTP/1.1" 200 0
2026-01-21 13:39:22,593 - DEBUG - Remote response: status=200 | data={"value":{"capabilities":{"acceptInsecureCerts":false,"browserName":"chrome","browserVersion":"144.0.7559.59","chrome":{"chromedriverVersion":"144.0.7559.96 (d7b80622cfab91c265741194e7942eefd2d21811-refs/branch-heads/7559@{#3667})","userDataDir":"/tmp/selenium-profile"},"fedcm:accounts":true,"goog:chromeOptions":{"debuggerAddress":"localhost:43281"},"goog:processID":5544,"networkConnectionEnabled":false,"pageLoadStrategy":"normal","platformName":"linux","proxy":{},"setWindowRect":true,"strictFileInteractability":false,"timeouts":{"implicit":0,"pageLoad":300000,"script":30000},"unhandledPromptBehavior":"dismiss and notify","webauthn:extension:credBlob":true,"webauthn:extension:largeBlob":true,"webauthn:extension:minPinLength":true,"webauthn:extension:prf":true,"webauthn:virtualAuthenticators":true},"sessionId":"7913e45064c721700c42867b9e5f4cdc"}} | headers=HTTPHeaderDict({'Content-Length': '857', 'Content-Type': 'application/json; charset=utf-8', 'cache-control': 'no-cache'})
2026-01-21 13:39:22,593 - DEBUG - Finished Request
2026-01-21 13:39:22,594 - DEBUG - POST http://localhost:49723/session/7913e45064c721700c42867b9e5f4cdc/goog/cdp/execute {'cmd': 'Network.enable', 'params': {}}
2026-01-21 13:39:22,702 - DEBUG - http://localhost:49723 "POST /session/7913e45064c721700c42867b9e5f4cdc/goog/cdp/execute HTTP/1.1" 200 0
2026-01-21 13:39:22,702 - DEBUG - Remote response: status=200 | data={"value":{}} | headers=HTTPHeaderDict({'Content-Length': '12', 'Content-Type': 'application/json; charset=utf-8', 'cache-control': 'no-cache'})
2026-01-21 13:39:22,702 - DEBUG - Finished Request
2026-01-21 13:39:22,703 - DEBUG - POST http://localhost:49723/session/7913e45064c721700c42867b9e5f4cdc/goog/cdp/execute {'cmd': 'Network.setCacheDisabled', 'params': {'cacheDisabled': True}}
2026-01-21 13:39:22,723 - DEBUG - http://localhost:49723 "POST /session/7913e45064c721700c42867b9e5f4cdc/goog/cdp/execute HTTP/1.1" 200 0
2026-01-21 13:39:22,723 - DEBUG - Remote response: status=200 | data={"value":{}} | headers=HTTPHeaderDict({'Content-Length': '12', 'Content-Type': 'application/json; charset=utf-8', 'cache-control': 'no-cache'})
2026-01-21 13:39:22,723 - DEBUG - Finished Request
2026-01-21 13:39:22,723 - INFO - 브라우저 실행 완료!
2026-01-21 13:39:22,723 - DEBUG - POST http://localhost:49723/session/7913e45064c721700c42867b9e5f4cdc/url {'url': 'https://www.google.com/maps'}
2026-01-21 13:39:23,825 - DEBUG - http://localhost:49723 "POST /session/7913e45064c721700c42867b9e5f4cdc/url HTTP/1.1" 200 0
2026-01-21 13:39:23,826 - DEBUG - Remote response: status=200 | data={"value":null} | headers=HTTPHeaderDict({'Content-Length': '14', 'Content-Type': 'application/json; charset=utf-8', 'cache-control': 'no-cache'})
2026-01-21 13:39:23,826 - DEBUG - Finished Request
2026-01-21 13:39:23,826 - DEBUG - POST http://localhost:49723/session/7913e45064c721700c42867b9e5f4cdc/element {'using': 'css selector', 'value': 'input'}
2026-01-21 13:39:24,152 - DEBUG - http://localhost:49723 "POST /session/7913e45064c721700c42867b9e5f4cdc/element HTTP/1.1" 200 0
2026-01-21 13:39:24,152 - DEBUG - Remote response: status=200 | data={"value":{"element-6066-11e4-a52e-4f735466cecf":"f.6B547C989B9D719776683074B14A2730.d.D7E0CEEABC16F129BBEF194F8C435238.e.2"}} | headers=HTTPHeaderDict({'Content-Length': '125', 'Content-Type': 'application/json; charset=utf-8', 'cache-control': 'no-cache'})
2026-01-21 13:39:24,152 - DEBUG - Finished Request
2026-01-21 13:39:24,153 - DEBUG - POST http://localhost:49723/session/7913e45064c721700c42867b9e5f4cdc/execute/sync {'script': '/* isDisplayed */return (function(){return (function(){var g=this||self;\nfunction aa(a){var b=typeof...', 'args': [{'element-6066-11e4-a52e-4f735466cecf': 'f.6B547C989B9D719776683074B14A2730.d.D7E0CEEABC16F129BBEF194F8C435238.e.2'}]}
2026-01-21 13:39:24,207 - DEBUG - http://localhost:49723 "POST /session/7913e45064c721700c42867b9e5f4cdc/execute/sync HTTP/1.1" 200 0
2026-01-21 13:39:24,207 - DEBUG - Remote response: status=200 | data={"value":true} | headers=HTTPHeaderDict({'Content-Length': '14', 'Content-Type': 'application/json; charset=utf-8', 'cache-control': 'no-cache'})
2026-01-21 13:39:24,207 - DEBUG - Finished Request
2026-01-21 13:39:24,207 - DEBUG - GET http://localhost:49723/session/7913e45064c721700c42867b9e5f4cdc/element/f.6B547C989B9D719776683074B14A2730.d.D7E0CEEABC16F129BBEF194F8C435238.e.2/enabled {}
2026-01-21 13:39:24,270 - DEBUG - http://localhost:49723 "GET /session/7913e45064c721700c42867b9e5f4cdc/element/f.6B547C989B9D719776683074B14A2730.d.D7E0CEEABC16F129BBEF194F8C435238.e.2/enabled HTTP/1.1" 200 0
2026-01-21 13:39:24,270 - DEBUG - Remote response: status=200 | data={"value":true} | headers=HTTPHeaderDict({'Content-Length': '14', 'Content-Type': 'application/json; charset=utf-8', 'cache-control': 'no-cache'})
2026-01-21 13:39:24,270 - DEBUG - Finished Request
2026-01-21 13:39:24,270 - DEBUG - POST http://localhost:49723/session/7913e45064c721700c42867b9e5f4cdc/element/f.6B547C989B9D719776683074B14A2730.d.D7E0CEEABC16F129BBEF194F8C435238.e.2/value {'text': '에버랜드\ue007', 'value': ['에', '버', '랜', '드', '\ue007']}
2026-01-21 13:39:24,559 - DEBUG - http://localhost:49723 "POST /session/7913e45064c721700c42867b9e5f4cdc/element/f.6B547C989B9D719776683074B14A2730.d.D7E0CEEABC16F129BBEF194F8C435238.e.2/value HTTP/1.1" 200 0
2026-01-21 13:39:24,559 - DEBUG - Remote response: status=200 | data={"value":null} | headers=HTTPHeaderDict({'Content-Length': '14', 'Content-Type': 'application/json; charset=utf-8', 'cache-control': 'no-cache'})
2026-01-21 13:39:24,559 - DEBUG - Finished Request
2026-01-21 13:39:24,559 - DEBUG - POST http://localhost:49723/session/7913e45064c721700c42867b9e5f4cdc/element {'using': 'css selector', 'value': '[aria-label="에버랜드 리뷰"]'}
2026-01-21 13:39:24,598 - DEBUG - http://localhost:49723 "POST /session/7913e45064c721700c42867b9e5f4cdc/element HTTP/1.1" 404 0
2026-01-21 13:39:24,598 - DEBUG - Remote response: status=404 | data={"value":{"error":"no such element","message":"no such element: Unable to locate element: {\"method\":\"css selector\",\"selector\":\"[aria-label=\"에버랜드 리뷰\"]\"}\n  (Session info: chrome=144.0.7559.59)","stacktrace":"#0 0x63558e4edafa \u003Cunknown>\n#1 0x63558df0760f \u003Cunknown>\n#2 0x63558df5ca16 \u003Cunknown>\n#3 0x63558df5cc51 \u003Cunknown>\n#4 0x63558dfa8404 \u003Cunknown>\n#5 0x63558dfa562b \u003Cunknown>\n#6 0x63558df4e842 \u003Cunknown>\n#7 0x63558df4f631 \u003Cunknown>\n#8 0x63558e4b3689 \u003Cunknown>\n#9 0x63558e4b6581 \u003Cunknown>\n#10 0x63558e49fca9 \u003Cunknown>\n#11 0x63558e4b713e \u003Cunknown>\n#12 0x63558e4863a0 \u003Cunknown>\n#13 0x63558e4dafc8 \u003Cunknown>\n#14 0x63558e4db19b \u003Cunknown>\n#15 0x63558e4ece68 \u003Cunknown>\n#16 0x72ad7189caa4 \u003Cunknown>\n#17 0x72ad71929c6c \u003Cunknown>\n"}} | headers=HTTPHeaderDict({'Content-Length': '852', 'Content-Type': 'application/json; charset=utf-8', 'cache-control': 'no-cache'})
2026-01-21 13:39:24,598 - DEBUG - Finished Request
2026-01-21 13:39:25,098 - DEBUG - POST http://localhost:49723/session/7913e45064c721700c42867b9e5f4cdc/element {'using': 'css selector', 'value': '[aria-label="에버랜드 리뷰"]'}
2026-01-21 13:39:25,104 - DEBUG - http://localhost:49723 "POST /session/7913e45064c721700c42867b9e5f4cdc/element HTTP/1.1" 404 0
2026-01-21 13:39:25,104 - DEBUG - Remote response: status=404 | data={"value":{"error":"invalid session id","message":"invalid session id: session deleted as the browser has closed the connection\nfrom disconnected: not connected to DevTools\n  (Session info: chrome=144.0.7559.59)","stacktrace":"#0 0x63558e4edafa \u003Cunknown>\n#1 0x63558df0760f \u003Cunknown>\n#2 0x63558deed3a3 \u003Cunknown>\n#3 0x63558df16871 \u003Cunknown>\n#4 0x63558df8ba80 \u003Cunknown>\n#5 0x63558dfa5028 \u003Cunknown>\n#6 0x63558df4e842 \u003Cunknown>\n#7 0x63558df4f631 \u003Cunknown>\n#8 0x63558e4b3689 \u003Cunknown>\n#9 0x63558e4b6581 \u003Cunknown>\n#10 0x63558e49fca9 \u003Cunknown>\n#11 0x63558e4b713e \u003Cunknown>\n#12 0x63558e4863a0 \u003Cunknown>\n#13 0x63558e4dafc8 \u003Cunknown>\n#14 0x63558e4db19b \u003Cunknown>\n#15 0x63558e4ece68 \u003Cunknown>\n#16 0x72ad7189caa4 \u003Cunknown>\n#17 0x72ad71929c6c \u003Cunknown>\n"}} | headers=HTTPHeaderDict({'Content-Length': '851', 'Content-Type': 'application/json; charset=utf-8', 'cache-control': 'no-cache'})
2026-01-21 13:39:25,105 - DEBUG - Finished Request
